\BOOKMARK [1][-]{section.1}{Teor\355a de n\372meros}{}% 1
\BOOKMARK [2][-]{subsection.1.1}{Funciones b\341sicas}{section.1}% 2
\BOOKMARK [3][-]{subsubsection.1.1.1}{Funci\363n piso y techo}{subsection.1.1}% 3
\BOOKMARK [3][-]{subsubsection.1.1.2}{Exponenciaci\363n y multiplicaci\363n binaria}{subsection.1.1}% 4
\BOOKMARK [3][-]{subsubsection.1.1.3}{M\355nimo com\372n m\372ltiplo y m\341ximo com\372n divisor}{subsection.1.1}% 5
\BOOKMARK [3][-]{subsubsection.1.1.4}{Euclides extendido e inverso modular}{subsection.1.1}% 6
\BOOKMARK [3][-]{subsubsection.1.1.5}{Todos los inversos m\363dulo p}{subsection.1.1}% 7
\BOOKMARK [3][-]{subsubsection.1.1.6}{Exponenciaci\363n binaria modular}{subsection.1.1}% 8
\BOOKMARK [3][-]{subsubsection.1.1.7}{Teorema chino del residuo}{subsection.1.1}% 9
\BOOKMARK [3][-]{subsubsection.1.1.8}{Coeficiente binomial}{subsection.1.1}% 10
\BOOKMARK [3][-]{subsubsection.1.1.9}{Fibonacci}{subsection.1.1}% 11
\BOOKMARK [2][-]{subsection.1.2}{Cribas}{section.1}% 12
\BOOKMARK [3][-]{subsubsection.1.2.1}{Criba de divisores}{subsection.1.2}% 13
\BOOKMARK [3][-]{subsubsection.1.2.2}{Criba de primos}{subsection.1.2}% 14
\BOOKMARK [3][-]{subsubsection.1.2.3}{Criba de factor primo m\341s peque\361o}{subsection.1.2}% 15
\BOOKMARK [3][-]{subsubsection.1.2.4}{Criba de factores primos}{subsection.1.2}% 16
\BOOKMARK [3][-]{subsubsection.1.2.5}{Criba de la funci\363n \040de Euler}{subsection.1.2}% 17
\BOOKMARK [3][-]{subsubsection.1.2.6}{Tri\341ngulo de Pascal}{subsection.1.2}% 18
\BOOKMARK [2][-]{subsection.1.3}{Factorizaci\363n}{section.1}% 19
\BOOKMARK [3][-]{subsubsection.1.3.1}{Factorizaci\363n de un n\372mero}{subsection.1.3}% 20
\BOOKMARK [3][-]{subsubsection.1.3.2}{Potencia de un primo que divide a un factorial}{subsection.1.3}% 21
\BOOKMARK [3][-]{subsubsection.1.3.3}{Factorizaci\363n de un factorial}{subsection.1.3}% 22
\BOOKMARK [3][-]{subsubsection.1.3.4}{Factorizaci\363n usando Pollard-Rho}{subsection.1.3}% 23
\BOOKMARK [2][-]{subsection.1.4}{Funciones multiplicativas famosas}{section.1}% 24
\BOOKMARK [3][-]{subsubsection.1.4.1}{Funci\363n }{subsection.1.4}% 25
\BOOKMARK [3][-]{subsubsection.1.4.2}{Funci\363n }{subsection.1.4}% 26
\BOOKMARK [3][-]{subsubsection.1.4.3}{Funci\363n }{subsection.1.4}% 27
\BOOKMARK [3][-]{subsubsection.1.4.4}{Funci\363n \040de Euler}{subsection.1.4}% 28
\BOOKMARK [3][-]{subsubsection.1.4.5}{Funci\363n }{subsection.1.4}% 29
\BOOKMARK [2][-]{subsection.1.5}{Orden multiplicativo, ra\355ces primitivas y ra\355ces de la unidad}{section.1}% 30
\BOOKMARK [3][-]{subsubsection.1.5.1}{Funci\363n \040de Carmichael}{subsection.1.5}% 31
\BOOKMARK [3][-]{subsubsection.1.5.2}{Orden multiplicativo m\363dulo m}{subsection.1.5}% 32
\BOOKMARK [3][-]{subsubsection.1.5.3}{N\372mero de ra\355ces primitivas \(generadores\) m\363dulo m}{subsection.1.5}% 33
\BOOKMARK [3][-]{subsubsection.1.5.4}{Test individual de ra\355z primitiva m\363dulo m}{subsection.1.5}% 34
\BOOKMARK [3][-]{subsubsection.1.5.5}{Test individual de ra\355z k-\351sima de la unidad m\363dulo m}{subsection.1.5}% 35
\BOOKMARK [3][-]{subsubsection.1.5.6}{Encontrar la primera ra\355z primitiva m\363dulo m}{subsection.1.5}% 36
\BOOKMARK [3][-]{subsubsection.1.5.7}{Encontrar la primera ra\355z k-\351sima de la unidad m\363dulo m}{subsection.1.5}% 37
\BOOKMARK [3][-]{subsubsection.1.5.8}{Logaritmo discreto}{subsection.1.5}% 38
\BOOKMARK [3][-]{subsubsection.1.5.9}{Ra\355z k-\351sima discreta}{subsection.1.5}% 39
\BOOKMARK [2][-]{subsection.1.6}{Particiones}{section.1}% 40
\BOOKMARK [3][-]{subsubsection.1.6.1}{Funci\363n P \(particiones de un entero positivo\)}{subsection.1.6}% 41
\BOOKMARK [3][-]{subsubsection.1.6.2}{Funci\363n Q \(particiones de un entero positivo en distintos sumandos\)}{subsection.1.6}% 42
\BOOKMARK [2][-]{subsection.1.7}{Otros}{section.1}% 43
\BOOKMARK [3][-]{subsubsection.1.7.1}{Cambio de base}{subsection.1.7}% 44
\BOOKMARK [3][-]{subsubsection.1.7.2}{Fracciones continuas}{subsection.1.7}% 45
\BOOKMARK [3][-]{subsubsection.1.7.3}{Ecuaci\363n de Pell}{subsection.1.7}% 46
\BOOKMARK [1][-]{section.2}{N\372meros racionales}{}% 47
\BOOKMARK [2][-]{subsection.2.1}{Estructura fraccion}{section.2}% 48
\BOOKMARK [1][-]{section.3}{\301lgebra lineal}{}% 49
\BOOKMARK [2][-]{subsection.3.1}{Estructura matrix}{section.3}% 50
\BOOKMARK [2][-]{subsection.3.2}{Gauss Jordan}{section.3}% 51
\BOOKMARK [2][-]{subsection.3.3}{Matriz inversa}{section.3}% 52
\BOOKMARK [2][-]{subsection.3.4}{Transpuesta}{section.3}% 53
\BOOKMARK [2][-]{subsection.3.5}{Traza}{section.3}% 54
\BOOKMARK [2][-]{subsection.3.6}{Determinante}{section.3}% 55
\BOOKMARK [2][-]{subsection.3.7}{Matriz de cofactores y adjunta}{section.3}% 56
\BOOKMARK [2][-]{subsection.3.8}{Factorizaci\363n PA=LU}{section.3}% 57
\BOOKMARK [2][-]{subsection.3.9}{Polinomio caracter\355stico}{section.3}% 58
\BOOKMARK [2][-]{subsection.3.10}{Gram-Schmidt}{section.3}% 59
\BOOKMARK [2][-]{subsection.3.11}{Recurrencias lineales}{section.3}% 60
\BOOKMARK [1][-]{section.4}{FFT}{}% 61
\BOOKMARK [2][-]{subsection.4.1}{Funciones previas}{section.4}% 62
\BOOKMARK [2][-]{subsection.4.2}{FFT con ra\355ces de la unidad complejas}{section.4}% 63
\BOOKMARK [2][-]{subsection.4.3}{FFT con ra\355ces de la unidad discretas \(NTT\)}{section.4}% 64
\BOOKMARK [3][-]{subsubsection.4.3.1}{Otros valores para escoger la ra\355z y el m\363dulo}{subsection.4.3}% 65
\BOOKMARK [2][-]{subsection.4.4}{Aplicaciones}{section.4}% 66
\BOOKMARK [3][-]{subsubsection.4.4.1}{Multiplicaci\363n de polinomios}{subsection.4.4}% 67
\BOOKMARK [3][-]{subsubsection.4.4.2}{Multiplicaci\363n de n\372meros enteros grandes}{subsection.4.4}% 68
\BOOKMARK [1][-]{section.5}{Geometr\355a}{}% 69
\BOOKMARK [2][-]{subsection.5.1}{Estructura point}{section.5}% 70
\BOOKMARK [2][-]{subsection.5.2}{Verificar si un punto pertenece a una l\355nea o segmento}{section.5}% 71
\BOOKMARK [2][-]{subsection.5.3}{Intersecci\363n de l\355neas}{section.5}% 72
\BOOKMARK [2][-]{subsection.5.4}{Intersecci\363n de segmentos}{section.5}% 73
\BOOKMARK [2][-]{subsection.5.5}{Distancia punto-recta}{section.5}% 74
\BOOKMARK [2][-]{subsection.5.6}{Per\355metro y \341rea de un pol\355gono}{section.5}% 75
\BOOKMARK [2][-]{subsection.5.7}{Envolvente convexa \(convex hull\) de un pol\355gono}{section.5}% 76
\BOOKMARK [2][-]{subsection.5.8}{Verificar si un punto pertenece al per\355metro de un pol\355gono}{section.5}% 77
\BOOKMARK [2][-]{subsection.5.9}{Verificar si un punto pertenece a un pol\355gono}{section.5}% 78
\BOOKMARK [1][-]{section.6}{Grafos}{}% 79
\BOOKMARK [2][-]{subsection.6.1}{Estructura disjointSet}{section.6}% 80
\BOOKMARK [2][-]{subsection.6.2}{Estructura edge}{section.6}% 81
\BOOKMARK [2][-]{subsection.6.3}{Estructura path}{section.6}% 82
\BOOKMARK [2][-]{subsection.6.4}{Estructura graph}{section.6}% 83
\BOOKMARK [2][-]{subsection.6.5}{Dijkstra con reconstrucci\363n del camino m\341s corto con menos v\351rtices}{section.6}% 84
\BOOKMARK [2][-]{subsection.6.6}{Bellman Ford con reconstrucci\363n del camino m\341s corto con menos v\351rtices}{section.6}% 85
\BOOKMARK [2][-]{subsection.6.7}{Floyd}{section.6}% 86
\BOOKMARK [2][-]{subsection.6.8}{Cerradura transitiva O\(V3\)}{section.6}% 87
\BOOKMARK [2][-]{subsection.6.9}{Cerradura transitiva O\(V2\)}{section.6}% 88
\BOOKMARK [2][-]{subsection.6.10}{Verificar si el grafo es bipartito}{section.6}% 89
\BOOKMARK [2][-]{subsection.6.11}{Orden topol\363gico}{section.6}% 90
\BOOKMARK [2][-]{subsection.6.12}{Detectar ciclos}{section.6}% 91
\BOOKMARK [2][-]{subsection.6.13}{Puentes y puntos de articulaci\363n}{section.6}% 92
\BOOKMARK [2][-]{subsection.6.14}{Componentes fuertemente conexas}{section.6}% 93
\BOOKMARK [2][-]{subsection.6.15}{\301rbol m\355nimo de expansi\363n \(Kruskal\)}{section.6}% 94
\BOOKMARK [2][-]{subsection.6.16}{M\341ximo emparejamiento bipartito}{section.6}% 95
\BOOKMARK [1][-]{section.7}{\301rboles}{}% 96
\BOOKMARK [2][-]{subsection.7.1}{Estructura tree}{section.7}% 97
\BOOKMARK [2][-]{subsection.7.2}{k-\351simo ancestro}{section.7}% 98
\BOOKMARK [2][-]{subsection.7.3}{LCA}{section.7}% 99
\BOOKMARK [2][-]{subsection.7.4}{Distancia entre dos nodos}{section.7}% 100
\BOOKMARK [1][-]{section.8}{Flujos}{}% 101
\BOOKMARK [2][-]{subsection.8.1}{Estructura flowEdge}{section.8}% 102
\BOOKMARK [2][-]{subsection.8.2}{Estructura flowGraph}{section.8}% 103
\BOOKMARK [2][-]{subsection.8.3}{Algoritmo de Edmonds-Karp O\(VE2\)}{section.8}% 104
\BOOKMARK [2][-]{subsection.8.4}{Algoritmo de Dinic O\(V2E\)}{section.8}% 105
\BOOKMARK [1][-]{section.9}{Estructuras de datos}{}% 106
\BOOKMARK [2][-]{subsection.9.1}{Segment Tree}{section.9}% 107
\BOOKMARK [2][-]{subsection.9.2}{Fenwick Tree}{section.9}% 108
